<?xml version="1.0" encoding="UTF-8"?>
<!-- Generated by org.testng.reporters.JUnitReportReporter -->
<testsuite hostname="DESKTOP-HUHARSU" failures="0" tests="1" name="practice.Sample_MavenParameterTest" time="36.286" errors="0" timestamp="2021-09-05T22:07:26 GMT-07:00" skipped="0">
  <testcase classname="practice.Sample_MavenParameterTest" name="sample" time="36.286"/>
  <system-out/>
</testsuite> <!-- practice.Sample_MavenParameterTest -->
