<?xml version="1.0" encoding="UTF-8"?>
<!-- Generated by org.testng.reporters.JUnitReportReporter -->
<testsuite hostname="DESKTOP-HUHARSU" failures="0" tests="1" name="practice.CreateContactVtiger_MavenTest" time="123.883" errors="0" timestamp="2021-09-05T22:07:26 GMT-07:00" skipped="0">
  <testcase classname="practice.CreateContactVtiger_MavenTest" name="contactTest" time="123.883"/>
  <system-out/>
</testsuite> <!-- practice.CreateContactVtiger_MavenTest -->
